# JRE version: OpenJDK Runtime Environment (11.0.10) (build 11.0.10+0-b96-7249189)
# Java VM: OpenJDK 64-Bit Server VM (11.0.10+0-b96-7249189, mixed mode, tiered, compressed oops, g1 gc, windows-amd64)
Heap:
 garbage-first heap   total 1055744K, used 202752K [0x0000000080000000, 0x0000000100000000)
  region size 1024K, 10 young (10240K), 10 survivors (10240K)
 Metaspace       used 129352K, capacity 132802K, committed 133376K, reserved 1165312K
  class space    used 16221K, capacity 17487K, committed 17664K, reserved 1048576K
GC Heap History (20 events):
Event: 4784.969 GC heap after
{Heap after GC invocations=46 (full 0):
 garbage-first heap   total 226304K, used 110951K [0x0000000080000000, 0x0000000100000000)
  region size 1024K, 2 young (2048K), 2 survivors (2048K)
 Metaspace       used 119215K, capacity 122109K, committed 124032K, reserved 1157120K
  class space    used 14777K, capacity 15863K, committed 16512K, reserved 1048576K
}
Event: 4785.217 GC heap before
{Heap before GC invocations=46 (full 0):
 garbage-first heap   total 226304K, used 195943K [0x0000000080000000, 0x0000000100000000)
  region size 1024K, 74 young (75776K), 2 survivors (2048K)
 Metaspace       used 119490K, capacity 122414K, committed 124288K, reserved 1157120K
  class space    used 14819K, capacity 15878K, committed 16512K, reserved 1048576K
}
Event: 4785.224 GC heap after
{Heap after GC invocations=47 (full 0):
 garbage-first heap   total 226304K, used 115414K [0x0000000080000000, 0x0000000100000000)
  region size 1024K, 7 young (7168K), 7 survivors (7168K)
 Metaspace       used 119490K, capacity 122414K, committed 124288K, reserved 1157120K
  class space    used 14819K, capacity 15878K, committed 16512K, reserved 1048576K
}
Event: 4785.435 GC heap before
{Heap before GC invocations=47 (full 0):
 garbage-first heap   total 226304K, used 185046K [0x0000000080000000, 0x0000000100000000)
  region size 1024K, 76 young (77824K), 7 survivors (7168K)
 Metaspace       used 120862K, capacity 123884K, committed 125440K, reserved 1159168K
  class space    used 15032K, capacity 16142K, committed 16640K, reserved 1048576K
}
Event: 4785.457 GC heap after
{Heap after GC invocations=48 (full 0):
 garbage-first heap   total 272384K, used 131626K [0x0000000080000000, 0x0000000100000000)
  region size 1024K, 10 young (10240K), 10 survivors (10240K)
 Metaspace       used 120862K, capacity 123884K, committed 125440K, reserved 1159168K
  class space    used 15032K, capacity 16142K, committed 16640K, reserved 1048576K
}
Event: 4785.715 GC heap before
{Heap before GC invocations=48 (full 0):
 garbage-first heap   total 272384K, used 210474K [0x0000000080000000, 0x0000000100000000)
  region size 1024K, 89 young (91136K), 10 survivors (10240K)
 Metaspace       used 122493K, capacity 125582K, committed 126848K, reserved 1159168K
  class space    used 15280K, capacity 16409K, committed 16768K, reserved 1048576K
}
Event: 4785.735 GC heap after
{Heap after GC invocations=49 (full 0):
 garbage-first heap   total 272384K, used 148983K [0x0000000080000000, 0x0000000100000000)
  region size 1024K, 11 young (11264K), 11 survivors (11264K)
 Metaspace       used 122493K, capacity 125582K, committed 126848K, reserved 1159168K
  class space    used 15280K, capacity 16409K, committed 16768K, reserved 1048576K
}
Event: 4785.871 GC heap before
{Heap before GC invocations=49 (full 0):
 garbage-first heap   total 272384K, used 214519K [0x0000000080000000, 0x0000000100000000)
  region size 1024K, 75 young (76800K), 11 survivors (11264K)
 Metaspace       used 123741K, capacity 126955K, committed 128128K, reserved 1161216K
  class space    used 15477K, capacity 16654K, committed 17024K, reserved 1048576K
}
Event: 4785.890 GC heap after
{Heap after GC invocations=50 (full 0):
 garbage-first heap   total 272384K, used 163209K [0x0000000080000000, 0x0000000100000000)
  region size 1024K, 10 young (10240K), 10 survivors (10240K)
 Metaspace       used 123741K, capacity 126955K, committed 128128K, reserved 1161216K
  class space    used 15477K, capacity 16654K, committed 17024K, reserved 1048576K
}
Event: 4785.994 GC heap before
{Heap before GC invocations=50 (full 0):
 garbage-first heap   total 272384K, used 217481K [0x0000000080000000, 0x0000000100000000)
  region size 1024K, 64 young (65536K), 10 survivors (10240K)
 Metaspace       used 125281K, capacity 128620K, committed 129536K, reserved 1161216K
  class space    used 15736K, capacity 16953K, committed 17152K, reserved 1048576K
}
Event: 4786.010 GC heap after
{Heap after GC invocations=51 (full 0):
 garbage-first heap   total 272384K, used 174030K [0x0000000080000000, 0x0000000100000000)
  region size 1024K, 8 young (8192K), 8 survivors (8192K)
 Metaspace       used 125281K, capacity 128620K, committed 129536K, reserved 1161216K
  class space    used 15736K, capacity 16953K, committed 17152K, reserved 1048576K
}
Event: 4786.131 GC heap before
{Heap before GC invocations=51 (full 0):
 garbage-first heap   total 272384K, used 221134K [0x0000000080000000, 0x0000000100000000)
  region size 1024K, 55 young (56320K), 8 survivors (8192K)
 Metaspace       used 126667K, capacity 130086K, committed 130816K, reserved 1163264K
  class space    used 15977K, capacity 17224K, committed 17408K, reserved 1048576K
}
Event: 4786.151 GC heap after
{Heap after GC invocations=52 (full 0):
 garbage-first heap   total 445440K, used 182102K [0x0000000080000000, 0x0000000100000000)
  region size 1024K, 7 young (7168K), 7 survivors (7168K)
 Metaspace       used 126667K, capacity 130086K, committed 130816K, reserved 1163264K
  class space    used 15977K, capacity 17224K, committed 17408K, reserved 1048576K
}
Event: 4786.735 GC heap before
{Heap before GC invocations=53 (full 0):
 garbage-first heap   total 445440K, used 281430K [0x0000000080000000, 0x0000000100000000)
  region size 1024K, 105 young (107520K), 7 survivors (7168K)
 Metaspace       used 128329K, capacity 131664K, committed 132224K, reserved 1163264K
  class space    used 16157K, capacity 17393K, committed 17536K, reserved 1048576K
}
Event: 4786.936 GC heap after
{Heap after GC invocations=54 (full 0):
 garbage-first heap   total 445440K, used 192175K [0x0000000080000000, 0x0000000100000000)
  region size 1024K, 14 young (14336K), 14 survivors (14336K)
 Metaspace       used 128329K, capacity 131664K, committed 132224K, reserved 1163264K
  class space    used 16157K, capacity 17393K, committed 17536K, reserved 1048576K
}
Event: 4787.519 GC heap before
{Heap before GC invocations=54 (full 0):
 garbage-first heap   total 445440K, used 296623K [0x0000000080000000, 0x0000000100000000)
  region size 1024K, 117 young (119808K), 14 survivors (14336K)
 Metaspace       used 128695K, capacity 132024K, committed 132480K, reserved 1165312K
  class space    used 16202K, capacity 17446K, committed 17536K, reserved 1048576K
}
Event: 4787.553 GC heap after
{Heap after GC invocations=55 (full 0):
 garbage-first heap   total 445440K, used 200245K [0x0000000080000000, 0x0000000100000000)
  region size 1024K, 8 young (8192K), 8 survivors (8192K)
 Metaspace       used 128695K, capacity 132024K, committed 132480K, reserved 1165312K
  class space    used 16202K, capacity 17446K, committed 17536K, reserved 1048576K
}
Event: 4787.856 GC heap before
{Heap before GC invocations=55 (full 0):
 garbage-first heap   total 445440K, used 312885K [0x0000000080000000, 0x0000000100000000)
  region size 1024K, 119 young (121856K), 8 survivors (8192K)
 Metaspace       used 128995K, capacity 132394K, committed 132864K, reserved 1165312K
  class space    used 16219K, capacity 17483K, committed 17664K, reserved 1048576K
}
Event: 4787.869 GC heap after
{Heap after GC invocations=56 (full 0):
 garbage-first heap   total 445440K, used 202475K [0x0000000080000000, 0x0000000100000000)
  region size 1024K, 10 young (10240K), 10 survivors (10240K)
 Metaspace       used 128995K, capacity 132394K, committed 132864K, reserved 1165312K
  class space    used 16219K, capacity 17483K, committed 17664K, reserved 1048576K
}
Event: 4788.465 GC heap before
{Heap before GC invocations=56 (full 0):
 garbage-first heap   total 445440K, used 338667K [0x0000000080000000, 0x0000000100000000)
  region size 1024K, 144 young (147456K), 10 survivors (10240K)
 Metaspace       used 129352K, capacity 132802K, committed 133376K, reserved 1165312K
  class space    used 16221K, capacity 17487K, committed 17664K, reserved 1048576K
}

